<?xml version="1.0" encoding="UTF-8"?>
<!-- Generated by org.testng.reporters.JUnitReportReporter -->
<testsuite skipped="0" hostname="chetan-PC" name="Assignments.SS2" tests="1" failures="0" timestamp="07 Feb 2018 10:06:29 GMT" time="12.842" errors="0">
  <testcase name="Test1" time="12.842" classname="Assignments.SS2"/>
</testsuite> <!-- Assignments.SS2 -->
